{
  "RSpec": {
    "coverage": {
      "/Users/bencoyne/Desktop/WEEK 4/spec/bookmark_spec.rb": {
        "lines": [
          null,
          1,
          null,
          1,
          1,
          1,
          1,
          1,
          1,
          1,
          null,
          null,
          null
        ]
      },
      "/Users/bencoyne/Desktop/WEEK 4/lib/bookmark.rb": {
        "lines": [
          1,
          1,
          2,
          null,
          null,
          null,
          null
        ]
      },
      "/Users/bencoyne/Desktop/WEEK 4/spec/features/viewing_bookmarks_spec.rb": {
        "lines": [
          1,
          1,
          1,
          1,
          1,
          1,
          null,
          null
        ]
      }
    },
    "timestamp": 1641836229
  }
}
