{
  "RSpec": {
    "coverage": {
      "/Users/neto/Projects/Tyrone_Ben_WEEK4/spec/bookmark_spec.rb": {
        "lines": [
          null,
          1,
          null,
          1,
          1,
          1,
          1,
          1,
          1,
          null,
          1,
          null,
          1,
          1,
          1,
          null,
          null,
          null,
          1,
          1,
          1,
          1,
          null,
          null,
          null
        ]
      },
      "/Users/neto/Projects/Tyrone_Ben_WEEK4/spec/features/adding_bookmarks_spec.rb": {
        "lines": [
          1,
          1,
          1,
          1,
          1,
          1,
          null,
          null,
          null
        ]
      },
      "/Users/neto/Projects/Tyrone_Ben_WEEK4/spec/features/viewing_bookmarks_spec.rb": {
        "lines": [
          1,
          null,
          null,
          1,
          1,
          1,
          1,
          1,
          null,
          1,
          1,
          1,
          1,
          null,
          null,
          null,
          null
        ]
      }
    },
    "timestamp": 1642008027
  }
}
